

Started GET "/" for 127.0.0.1 at 2014-08-06 11:02:54 +0530
  [1m[36mActiveRecord::SchemaMigration Load (0.3ms)[0m  [1mSELECT `schema_migrations`.* FROM `schema_migrations`[0m
Processing by Rails::WelcomeController#index as HTML
  Rendered vendor/bundle/gems/railties-4.1.4/lib/rails/templates/rails/welcome/index.html.erb (35.7ms)
Completed 200 OK in 315ms (Views: 274.4ms | ActiveRecord: 0.0ms)


Started GET "/projects" for 127.0.0.1 at 2014-08-06 11:02:58 +0530
Processing by ProjectsController#index as HTML
  [1m[35mProject Load (0.3ms)[0m  SELECT `projects`.* FROM `projects`
Completed 200 OK in 4ms (Views: 0.3ms | ActiveRecord: 0.3ms)


Started GET "/projects" for 127.0.0.1 at 2014-08-06 11:03:13 +0530
Processing by ProjectsController#index as HTML
  [1m[36mProject Load (0.2ms)[0m  [1mSELECT `projects`.* FROM `projects`[0m
Completed 200 OK in 1ms (Views: 0.1ms | ActiveRecord: 0.2ms)


Started GET "/projects/1" for 127.0.0.1 at 2014-08-06 11:03:15 +0530
Processing by ProjectsController#show as HTML
  Parameters: {"id"=>"1"}
  Rendered projects/show.html.erb within layouts/application (0.4ms)
Completed 200 OK in 626ms (Views: 625.4ms | ActiveRecord: 0.0ms)


Started GET "/assets/turbolinks.js?body=1" for 127.0.0.1 at 2014-08-06 11:03:16 +0530


Started GET "/assets/project_controller.js?body=1" for 127.0.0.1 at 2014-08-06 11:03:16 +0530


Started GET "/assets/application.css?body=1" for 127.0.0.1 at 2014-08-06 11:03:16 +0530


Started GET "/assets/users.css?body=1" for 127.0.0.1 at 2014-08-06 11:03:16 +0530


Started GET "/assets/jquery_ujs.js?body=1" for 127.0.0.1 at 2014-08-06 11:03:16 +0530


Started GET "/assets/projects.js?body=1" for 127.0.0.1 at 2014-08-06 11:03:16 +0530


Started GET "/assets/menu_item.js?body=1" for 127.0.0.1 at 2014-08-06 11:03:16 +0530


Started GET "/assets/menu_item.css?body=1" for 127.0.0.1 at 2014-08-06 11:03:16 +0530


Started GET "/assets/menu_items.css?body=1" for 127.0.0.1 at 2014-08-06 11:03:16 +0530


Started GET "/assets/project_controller.css?body=1" for 127.0.0.1 at 2014-08-06 11:03:16 +0530


Started GET "/assets/projects.css?body=1" for 127.0.0.1 at 2014-08-06 11:03:16 +0530


Started GET "/assets/homes.css?body=1" for 127.0.0.1 at 2014-08-06 11:03:16 +0530


Started GET "/assets/users.js?body=1" for 127.0.0.1 at 2014-08-06 11:03:17 +0530


Started GET "/assets/angular.js?body=1" for 127.0.0.1 at 2014-08-06 11:03:17 +0530


Started GET "/assets/homes.js?body=1" for 127.0.0.1 at 2014-08-06 11:03:17 +0530


Started GET "/assets/jquery.js?body=1" for 127.0.0.1 at 2014-08-06 11:03:17 +0530


Started GET "/assets/menu_items.js?body=1" for 127.0.0.1 at 2014-08-06 11:03:17 +0530


Started GET "/assets/application.js?body=1" for 127.0.0.1 at 2014-08-06 11:03:17 +0530


Started GET "/projects/new" for 127.0.0.1 at 2014-08-06 11:03:20 +0530
Processing by ProjectsController#new as HTML
  Rendered projects/_form.html.erb (0.4ms)
  Rendered projects/new.html.erb within layouts/application (100.8ms)
Completed 200 OK in 139ms (Views: 135.6ms | ActiveRecord: 1.3ms)


Started GET "/assets/application.css?body=1" for 127.0.0.1 at 2014-08-06 11:03:20 +0530


Started GET "/assets/projects.css?body=1" for 127.0.0.1 at 2014-08-06 11:03:20 +0530


Started GET "/assets/menu_item.css?body=1" for 127.0.0.1 at 2014-08-06 11:03:20 +0530


Started GET "/assets/homes.css?body=1" for 127.0.0.1 at 2014-08-06 11:03:20 +0530


Started GET "/assets/menu_items.css?body=1" for 127.0.0.1 at 2014-08-06 11:03:20 +0530


Started GET "/assets/project_controller.css?body=1" for 127.0.0.1 at 2014-08-06 11:03:20 +0530


Started GET "/assets/users.css?body=1" for 127.0.0.1 at 2014-08-06 11:03:20 +0530


Started GET "/assets/jquery.js?body=1" for 127.0.0.1 at 2014-08-06 11:03:20 +0530


Started GET "/assets/turbolinks.js?body=1" for 127.0.0.1 at 2014-08-06 11:03:20 +0530


Started GET "/assets/jquery_ujs.js?body=1" for 127.0.0.1 at 2014-08-06 11:03:20 +0530


Started GET "/assets/menu_item.js?body=1" for 127.0.0.1 at 2014-08-06 11:03:20 +0530


Started GET "/assets/menu_items.js?body=1" for 127.0.0.1 at 2014-08-06 11:03:20 +0530


Started GET "/assets/homes.js?body=1" for 127.0.0.1 at 2014-08-06 11:03:20 +0530


Started GET "/assets/users.js?body=1" for 127.0.0.1 at 2014-08-06 11:03:20 +0530


Started GET "/assets/projects.js?body=1" for 127.0.0.1 at 2014-08-06 11:03:20 +0530


Started GET "/assets/angular.js?body=1" for 127.0.0.1 at 2014-08-06 11:03:20 +0530


Started GET "/assets/project_controller.js?body=1" for 127.0.0.1 at 2014-08-06 11:03:20 +0530


Started GET "/assets/application.js?body=1" for 127.0.0.1 at 2014-08-06 11:03:20 +0530


Started GET "/projects/show" for 127.0.0.1 at 2014-08-06 11:03:28 +0530
Processing by ProjectsController#show as HTML
  Parameters: {"id"=>"show"}
  Rendered projects/show.html.erb within layouts/application (0.1ms)
Completed 200 OK in 8ms (Views: 7.0ms | ActiveRecord: 0.0ms)


Started GET "/assets/application.css?body=1" for 127.0.0.1 at 2014-08-06 11:03:28 +0530


Started GET "/assets/homes.css?body=1" for 127.0.0.1 at 2014-08-06 11:03:28 +0530


Started GET "/assets/menu_item.css?body=1" for 127.0.0.1 at 2014-08-06 11:03:28 +0530


Started GET "/assets/menu_items.css?body=1" for 127.0.0.1 at 2014-08-06 11:03:28 +0530


Started GET "/assets/projects.css?body=1" for 127.0.0.1 at 2014-08-06 11:03:28 +0530


Started GET "/assets/users.css?body=1" for 127.0.0.1 at 2014-08-06 11:03:28 +0530


Started GET "/assets/project_controller.css?body=1" for 127.0.0.1 at 2014-08-06 11:03:28 +0530


Started GET "/assets/jquery.js?body=1" for 127.0.0.1 at 2014-08-06 11:03:28 +0530


Started GET "/assets/turbolinks.js?body=1" for 127.0.0.1 at 2014-08-06 11:03:28 +0530


Started GET "/assets/jquery_ujs.js?body=1" for 127.0.0.1 at 2014-08-06 11:03:28 +0530


Started GET "/assets/homes.js?body=1" for 127.0.0.1 at 2014-08-06 11:03:29 +0530


Started GET "/assets/menu_item.js?body=1" for 127.0.0.1 at 2014-08-06 11:03:29 +0530


Started GET "/assets/menu_items.js?body=1" for 127.0.0.1 at 2014-08-06 11:03:29 +0530


Started GET "/assets/projects.js?body=1" for 127.0.0.1 at 2014-08-06 11:03:29 +0530


Started GET "/assets/project_controller.js?body=1" for 127.0.0.1 at 2014-08-06 11:03:29 +0530


Started GET "/assets/users.js?body=1" for 127.0.0.1 at 2014-08-06 11:03:29 +0530


Started GET "/assets/angular.js?body=1" for 127.0.0.1 at 2014-08-06 11:03:29 +0530


Started GET "/assets/application.js?body=1" for 127.0.0.1 at 2014-08-06 11:03:29 +0530
  [1m[36mProject Load (0.3ms)[0m  [1mSELECT  `projects`.* FROM `projects`   ORDER BY `projects`.`id` ASC LIMIT 1[0m
  [1m[35m (0.2ms)[0m  BEGIN
  [1m[36m (0.2ms)[0m  [1mROLLBACK[0m
  [1m[35mProject Load (0.2ms)[0m  SELECT  `projects`.* FROM `projects`   ORDER BY `projects`.`id` ASC LIMIT 1
  [1m[36m (0.2ms)[0m  [1mBEGIN[0m
  [1m[35mSQL (0.3ms)[0m  INSERT INTO `projects` (`created_at`, `description`, `id`, `outcome`, `prerequisites`, `updated_at`) VALUES ('2014-08-07 12:32:39', 'description', 1, 'outcome', 'prerequisites', '2014-08-07 12:32:39')
  [1m[36m (44.1ms)[0m  [1mCOMMIT[0m
  [1m[35mProject Load (0.4ms)[0m  SELECT  `projects`.* FROM `projects`   ORDER BY `projects`.`id` ASC LIMIT 1
  [1m[36mProject Load (0.4ms)[0m  [1mSELECT `projects`.* FROM `projects`[0m
  [1m[35mProject Load (0.2ms)[0m  SELECT `projects`.* FROM `projects`
  [1m[36mProject Load (0.2ms)[0m  [1mSELECT  `projects`.* FROM `projects`   ORDER BY `projects`.`id` ASC LIMIT 1[0m
  [1m[35mProject Load (0.4ms)[0m  SELECT  `projects`.* FROM `projects`   ORDER BY `projects`.`id` ASC LIMIT 1 OFFSET 1
  [1m[36m (0.2ms)[0m  [1mBEGIN[0m
  [1m[35mSQL (0.4ms)[0m  UPDATE `projects` SET `description` = 'desc', `id` = 2, `prerequisites` = 'prereq', `updated_at` = '2014-08-07 12:37:04' WHERE `projects`.`id` = 1
  [1m[36m (45.3ms)[0m  [1mCOMMIT[0m
  [1m[35mProject Load (0.4ms)[0m  SELECT `projects`.* FROM `projects`
  [1m[36mProject Load (0.4ms)[0m  [1mSELECT  `projects`.* FROM `projects`   ORDER BY `projects`.`id` ASC LIMIT 1[0m
  [1m[35mProject Load (0.4ms)[0m  SELECT  `projects`.* FROM `projects`   ORDER BY `projects`.`id` ASC LIMIT 1 OFFSET 1
  [1m[36mProject Load (0.4ms)[0m  [1mSELECT `projects`.* FROM `projects`[0m
  [1m[35mProject Load (0.2ms)[0m  SELECT `projects`.* FROM `projects`
  [1m[36mProject Load (0.2ms)[0m  [1mSELECT `projects`.* FROM `projects`[0m


Started GET "/" for 127.0.0.1 at 2014-08-08 11:34:12 +0530
  [1m[36mActiveRecord::SchemaMigration Load (0.3ms)[0m  [1mSELECT `schema_migrations`.* FROM `schema_migrations`[0m
Processing by Rails::WelcomeController#index as HTML
  Rendered vendor/bundle/gems/railties-4.1.4/lib/rails/templates/rails/welcome/index.html.erb (2.3ms)
Completed 200 OK in 80ms (Views: 49.5ms | ActiveRecord: 0.0ms)


Started GET "/index" for 127.0.0.1 at 2014-08-08 11:34:18 +0530

ActionController::RoutingError (No route matches [GET] "/index"):
  vendor/bundle/gems/actionpack-4.1.4/lib/action_dispatch/middleware/debug_exceptions.rb:21:in `call'
  vendor/bundle/gems/actionpack-4.1.4/lib/action_dispatch/middleware/show_exceptions.rb:30:in `call'
  vendor/bundle/gems/railties-4.1.4/lib/rails/rack/logger.rb:38:in `call_app'
  vendor/bundle/gems/railties-4.1.4/lib/rails/rack/logger.rb:20:in `block in call'
  vendor/bundle/gems/activesupport-4.1.4/lib/active_support/tagged_logging.rb:68:in `block in tagged'
  vendor/bundle/gems/activesupport-4.1.4/lib/active_support/tagged_logging.rb:26:in `tagged'
  vendor/bundle/gems/activesupport-4.1.4/lib/active_support/tagged_logging.rb:68:in `tagged'
  vendor/bundle/gems/railties-4.1.4/lib/rails/rack/logger.rb:20:in `call'
  vendor/bundle/gems/actionpack-4.1.4/lib/action_dispatch/middleware/request_id.rb:21:in `call'
  vendor/bundle/gems/rack-1.5.2/lib/rack/methodoverride.rb:21:in `call'
  vendor/bundle/gems/rack-1.5.2/lib/rack/runtime.rb:17:in `call'
  vendor/bundle/gems/activesupport-4.1.4/lib/active_support/cache/strategy/local_cache_middleware.rb:26:in `call'
  vendor/bundle/gems/rack-1.5.2/lib/rack/lock.rb:17:in `call'
  vendor/bundle/gems/actionpack-4.1.4/lib/action_dispatch/middleware/static.rb:64:in `call'
  vendor/bundle/gems/rack-1.5.2/lib/rack/sendfile.rb:112:in `call'
  vendor/bundle/gems/railties-4.1.4/lib/rails/engine.rb:514:in `call'
  vendor/bundle/gems/railties-4.1.4/lib/rails/application.rb:144:in `call'
  vendor/bundle/gems/rack-1.5.2/lib/rack/lock.rb:17:in `call'
  vendor/bundle/gems/rack-1.5.2/lib/rack/content_length.rb:14:in `call'
  vendor/bundle/gems/rack-1.5.2/lib/rack/handler/webrick.rb:60:in `service'
  /home/admins/.rvm/rubies/ruby-2.1.1/lib/ruby/2.1.0/webrick/httpserver.rb:138:in `service'
  /home/admins/.rvm/rubies/ruby-2.1.1/lib/ruby/2.1.0/webrick/httpserver.rb:94:in `run'
  /home/admins/.rvm/rubies/ruby-2.1.1/lib/ruby/2.1.0/webrick/server.rb:295:in `block in start_thread'


  Rendered vendor/bundle/gems/actionpack-4.1.4/lib/action_dispatch/middleware/templates/rescues/_trace.html.erb (1.9ms)
  Rendered vendor/bundle/gems/actionpack-4.1.4/lib/action_dispatch/middleware/templates/routes/_route.html.erb (2.2ms)
  Rendered vendor/bundle/gems/actionpack-4.1.4/lib/action_dispatch/middleware/templates/routes/_table.html.erb (54.3ms)
  Rendered vendor/bundle/gems/actionpack-4.1.4/lib/action_dispatch/middleware/templates/rescues/routing_error.html.erb within rescues/layout (192.4ms)


Started GET "/projects" for 127.0.0.1 at 2014-08-08 11:34:26 +0530
Processing by ProjectsController#index as HTML
  [1m[35mProject Load (0.2ms)[0m  SELECT `projects`.* FROM `projects`
Completed 200 OK in 7ms (Views: 0.3ms | ActiveRecord: 1.3ms)
  [1m[35m (0.2ms)[0m  BEGIN
  [1m[36m (22.0ms)[0m  [1mROLLBACK[0m
  [1m[35m (0.2ms)[0m  BEGIN
  [1m[36m (0.1ms)[0m  [1mROLLBACK[0m
  [1m[35m (0.2ms)[0m  BEGIN
  [1m[36mSQL (70.6ms)[0m  [1mINSERT INTO `projects` (`created_at`, `description`, `outcome`, `prerequisites`, `updated_at`) VALUES ('2014-08-08 06:09:23', 'des1', 'otc', 'pre1', '2014-08-08 06:09:23')[0m
  [1m[35m (23.8ms)[0m  COMMIT
  [1m[36mProject Load (0.4ms)[0m  [1mSELECT `projects`.* FROM `projects`[0m


Started GET "/projects/show" for 127.0.0.1 at 2014-08-08 11:40:13 +0530
Processing by ProjectsController#show as HTML
  Parameters: {"id"=>"show"}
  [1m[36mProject Load (25.6ms)[0m  [1mSELECT  `projects`.* FROM `projects`  WHERE `projects`.`id` = 0 LIMIT 1[0m
Completed 404 Not Found in 28ms

ActiveRecord::RecordNotFound (Couldn't find Project with 'id'=show):
  app/controllers/projects_controller.rb:63:in `show'


  Rendered vendor/bundle/gems/actionpack-4.1.4/lib/action_dispatch/middleware/templates/rescues/_source.erb (1.1ms)
  Rendered vendor/bundle/gems/actionpack-4.1.4/lib/action_dispatch/middleware/templates/rescues/_trace.html.erb (1.9ms)
  Rendered vendor/bundle/gems/actionpack-4.1.4/lib/action_dispatch/middleware/templates/rescues/_request_and_response.html.erb (1.6ms)
  Rendered vendor/bundle/gems/actionpack-4.1.4/lib/action_dispatch/middleware/templates/rescues/diagnostics.erb within rescues/layout (68.4ms)


Started GET "/projects/show/1" for 127.0.0.1 at 2014-08-08 11:40:22 +0530

ActionController::RoutingError (No route matches [GET] "/projects/show/1"):
  vendor/bundle/gems/actionpack-4.1.4/lib/action_dispatch/middleware/debug_exceptions.rb:21:in `call'
  vendor/bundle/gems/actionpack-4.1.4/lib/action_dispatch/middleware/show_exceptions.rb:30:in `call'
  vendor/bundle/gems/railties-4.1.4/lib/rails/rack/logger.rb:38:in `call_app'
  vendor/bundle/gems/railties-4.1.4/lib/rails/rack/logger.rb:20:in `block in call'
  vendor/bundle/gems/activesupport-4.1.4/lib/active_support/tagged_logging.rb:68:in `block in tagged'
  vendor/bundle/gems/activesupport-4.1.4/lib/active_support/tagged_logging.rb:26:in `tagged'
  vendor/bundle/gems/activesupport-4.1.4/lib/active_support/tagged_logging.rb:68:in `tagged'
  vendor/bundle/gems/railties-4.1.4/lib/rails/rack/logger.rb:20:in `call'
  vendor/bundle/gems/actionpack-4.1.4/lib/action_dispatch/middleware/request_id.rb:21:in `call'
  vendor/bundle/gems/rack-1.5.2/lib/rack/methodoverride.rb:21:in `call'
  vendor/bundle/gems/rack-1.5.2/lib/rack/runtime.rb:17:in `call'
  vendor/bundle/gems/activesupport-4.1.4/lib/active_support/cache/strategy/local_cache_middleware.rb:26:in `call'
  vendor/bundle/gems/rack-1.5.2/lib/rack/lock.rb:17:in `call'
  vendor/bundle/gems/actionpack-4.1.4/lib/action_dispatch/middleware/static.rb:64:in `call'
  vendor/bundle/gems/rack-1.5.2/lib/rack/sendfile.rb:112:in `call'
  vendor/bundle/gems/railties-4.1.4/lib/rails/engine.rb:514:in `call'
  vendor/bundle/gems/railties-4.1.4/lib/rails/application.rb:144:in `call'
  vendor/bundle/gems/rack-1.5.2/lib/rack/lock.rb:17:in `call'
  vendor/bundle/gems/rack-1.5.2/lib/rack/content_length.rb:14:in `call'
  vendor/bundle/gems/rack-1.5.2/lib/rack/handler/webrick.rb:60:in `service'
  /home/admins/.rvm/rubies/ruby-2.1.1/lib/ruby/2.1.0/webrick/httpserver.rb:138:in `service'
  /home/admins/.rvm/rubies/ruby-2.1.1/lib/ruby/2.1.0/webrick/httpserver.rb:94:in `run'
  /home/admins/.rvm/rubies/ruby-2.1.1/lib/ruby/2.1.0/webrick/server.rb:295:in `block in start_thread'


  Rendered vendor/bundle/gems/actionpack-4.1.4/lib/action_dispatch/middleware/templates/rescues/_trace.html.erb (0.9ms)
  Rendered vendor/bundle/gems/actionpack-4.1.4/lib/action_dispatch/middleware/templates/routes/_route.html.erb (1.3ms)
  Rendered vendor/bundle/gems/actionpack-4.1.4/lib/action_dispatch/middleware/templates/routes/_table.html.erb (0.9ms)
  Rendered vendor/bundle/gems/actionpack-4.1.4/lib/action_dispatch/middleware/templates/rescues/routing_error.html.erb within rescues/layout (13.8ms)


Started GET "/projects/show/2" for 127.0.0.1 at 2014-08-08 11:40:26 +0530

ActionController::RoutingError (No route matches [GET] "/projects/show/2"):
  vendor/bundle/gems/actionpack-4.1.4/lib/action_dispatch/middleware/debug_exceptions.rb:21:in `call'
  vendor/bundle/gems/actionpack-4.1.4/lib/action_dispatch/middleware/show_exceptions.rb:30:in `call'
  vendor/bundle/gems/railties-4.1.4/lib/rails/rack/logger.rb:38:in `call_app'
  vendor/bundle/gems/railties-4.1.4/lib/rails/rack/logger.rb:20:in `block in call'
  vendor/bundle/gems/activesupport-4.1.4/lib/active_support/tagged_logging.rb:68:in `block in tagged'
  vendor/bundle/gems/activesupport-4.1.4/lib/active_support/tagged_logging.rb:26:in `tagged'
  vendor/bundle/gems/activesupport-4.1.4/lib/active_support/tagged_logging.rb:68:in `tagged'
  vendor/bundle/gems/railties-4.1.4/lib/rails/rack/logger.rb:20:in `call'
  vendor/bundle/gems/actionpack-4.1.4/lib/action_dispatch/middleware/request_id.rb:21:in `call'
  vendor/bundle/gems/rack-1.5.2/lib/rack/methodoverride.rb:21:in `call'
  vendor/bundle/gems/rack-1.5.2/lib/rack/runtime.rb:17:in `call'
  vendor/bundle/gems/activesupport-4.1.4/lib/active_support/cache/strategy/local_cache_middleware.rb:26:in `call'
  vendor/bundle/gems/rack-1.5.2/lib/rack/lock.rb:17:in `call'
  vendor/bundle/gems/actionpack-4.1.4/lib/action_dispatch/middleware/static.rb:64:in `call'
  vendor/bundle/gems/rack-1.5.2/lib/rack/sendfile.rb:112:in `call'
  vendor/bundle/gems/railties-4.1.4/lib/rails/engine.rb:514:in `call'
  vendor/bundle/gems/railties-4.1.4/lib/rails/application.rb:144:in `call'
  vendor/bundle/gems/rack-1.5.2/lib/rack/lock.rb:17:in `call'
  vendor/bundle/gems/rack-1.5.2/lib/rack/content_length.rb:14:in `call'
  vendor/bundle/gems/rack-1.5.2/lib/rack/handler/webrick.rb:60:in `service'
  /home/admins/.rvm/rubies/ruby-2.1.1/lib/ruby/2.1.0/webrick/httpserver.rb:138:in `service'
  /home/admins/.rvm/rubies/ruby-2.1.1/lib/ruby/2.1.0/webrick/httpserver.rb:94:in `run'
  /home/admins/.rvm/rubies/ruby-2.1.1/lib/ruby/2.1.0/webrick/server.rb:295:in `block in start_thread'


  Rendered vendor/bundle/gems/actionpack-4.1.4/lib/action_dispatch/middleware/templates/rescues/_trace.html.erb (1.7ms)
  Rendered vendor/bundle/gems/actionpack-4.1.4/lib/action_dispatch/middleware/templates/routes/_route.html.erb (1.5ms)
  Rendered vendor/bundle/gems/actionpack-4.1.4/lib/action_dispatch/middleware/templates/routes/_table.html.erb (0.9ms)
  Rendered vendor/bundle/gems/actionpack-4.1.4/lib/action_dispatch/middleware/templates/rescues/routing_error.html.erb within rescues/layout (21.5ms)


Started GET "/projects/show" for 127.0.0.1 at 2014-08-08 11:40:28 +0530
Processing by ProjectsController#show as HTML
  Parameters: {"id"=>"show"}
  [1m[35mProject Load (0.3ms)[0m  SELECT  `projects`.* FROM `projects`  WHERE `projects`.`id` = 0 LIMIT 1
Completed 404 Not Found in 2ms

ActiveRecord::RecordNotFound (Couldn't find Project with 'id'=show):
  app/controllers/projects_controller.rb:63:in `show'


  Rendered vendor/bundle/gems/actionpack-4.1.4/lib/action_dispatch/middleware/templates/rescues/_source.erb (0.6ms)
  Rendered vendor/bundle/gems/actionpack-4.1.4/lib/action_dispatch/middleware/templates/rescues/_trace.html.erb (1.0ms)
  Rendered vendor/bundle/gems/actionpack-4.1.4/lib/action_dispatch/middleware/templates/rescues/_request_and_response.html.erb (0.8ms)
  Rendered vendor/bundle/gems/actionpack-4.1.4/lib/action_dispatch/middleware/templates/rescues/diagnostics.erb within rescues/layout (11.2ms)


Started GET "/projects/" for 127.0.0.1 at 2014-08-08 11:40:53 +0530
Processing by ProjectsController#index as HTML
  [1m[36mProject Load (0.2ms)[0m  [1mSELECT `projects`.* FROM `projects`[0m
Completed 200 OK in 2ms (Views: 0.6ms | ActiveRecord: 0.2ms)


Started GET "/projects/create" for 127.0.0.1 at 2014-08-08 11:41:14 +0530
Processing by ProjectsController#show as HTML
  Parameters: {"id"=>"create"}
  [1m[35mProject Load (0.2ms)[0m  SELECT  `projects`.* FROM `projects`  WHERE `projects`.`id` = 0 LIMIT 1
Completed 404 Not Found in 2ms

ActiveRecord::RecordNotFound (Couldn't find Project with 'id'=create):
  app/controllers/projects_controller.rb:63:in `show'


  Rendered vendor/bundle/gems/actionpack-4.1.4/lib/action_dispatch/middleware/templates/rescues/_source.erb (1.0ms)
  Rendered vendor/bundle/gems/actionpack-4.1.4/lib/action_dispatch/middleware/templates/rescues/_trace.html.erb (1.8ms)
  Rendered vendor/bundle/gems/actionpack-4.1.4/lib/action_dispatch/middleware/templates/rescues/_request_and_response.html.erb (0.8ms)
  Rendered vendor/bundle/gems/actionpack-4.1.4/lib/action_dispatch/middleware/templates/rescues/diagnostics.erb within rescues/layout (17.9ms)


Started GET "/projects" for 127.0.0.1 at 2014-08-08 11:41:49 +0530
Processing by ProjectsController#index as HTML
  [1m[36mProject Load (0.2ms)[0m  [1mSELECT `projects`.* FROM `projects`[0m
Completed 200 OK in 3ms (Views: 0.7ms | ActiveRecord: 0.2ms)
  [1m[35mProject Load (0.4ms)[0m  SELECT  `projects`.* FROM `projects`  WHERE `projects`.`id` = 1 LIMIT 1
  [1m[36mProject Load (32.3ms)[0m  [1mSELECT  `projects`.* FROM `projects`  WHERE `projects`.`id` = 2 LIMIT 1[0m
  [1m[35m (0.2ms)[0m  BEGIN
  [1m[36mSQL (25.8ms)[0m  [1mUPDATE `projects` SET `description` = 'descp', `updated_at` = '2014-08-08 06:14:57' WHERE `projects`.`id` = 2[0m
  [1m[35m (32.8ms)[0m  COMMIT
  [1m[36mProject Load (0.4ms)[0m  [1mSELECT  `projects`.* FROM `projects`  WHERE `projects`.`id` = 2 LIMIT 1[0m
  [1m[35mSQL (45.0ms)[0m  DELETE FROM `projects` WHERE `projects`.`id` = 2
  [1m[36mProject Load (0.4ms)[0m  [1mSELECT  `projects`.* FROM `projects`  WHERE `projects`.`id` = 3 LIMIT 1[0m
  [1m[35m (0.2ms)[0m  BEGIN
  [1m[36mSQL (0.4ms)[0m  [1mUPDATE `projects` SET `description` = 'descp', `updated_at` = '2014-08-08 06:20:11' WHERE `projects`.`id` = 3[0m
  [1m[35m (41.4ms)[0m  COMMIT
